<?xml version="1.0" encoding="utf-8"?>
<TestRun id="02e04a91-37c5-476a-ac98-ce9661611f16" name="Owllark@DESKTOP-H1ALDEO 2024-01-23 01:17:56" runUser="DESKTOP-H1ALDEO\Owllark" xmlns="http://microsoft.com/schemas/VisualStudio/TeamTest/2010">
  <Times creation="2024-01-23T01:17:56.5058833+03:00" queuing="2024-01-23T01:17:56.5058837+03:00" start="2024-01-23T01:17:53.0768286+03:00" finish="2024-01-23T01:17:56.5123591+03:00" />
  <TestSettings name="default" id="ec08ae7c-cb64-4010-ade9-0128e2fbca0b">
    <Deployment runDeploymentRoot="Owllark_DESKTOP-H1ALDEO_2024-01-23_01_17_56" />
  </TestSettings>
  <Results>
    <UnitTestResult executionId="b9ce448d-9d3f-423d-a756-136f817897aa" testId="64a66c63-3c11-edf7-be7f-89ad9fef754e" testName="TestAddition" computerName="DESKTOP-H1ALDEO" duration="00:00:00.0479110" startTime="2024-01-23T01:17:56.2380531+03:00" endTime="2024-01-23T01:17:56.2859192+03:00" testType="13cdc9d9-ddb5-4fa4-a97d-d965ccfc6d4b" outcome="Passed" testListId="8c84fa94-04c1-424b-9868-57a2d4851a1d" relativeResultsDirectory="b9ce448d-9d3f-423d-a756-136f817897aa" />
  </Results>
  <TestDefinitions>
    <UnitTest name="TestAddition" storage="d:\igorbaran_devops_internship_practice\app\test\app.unittest\bin\debug\net8.0\app.unittest.dll" id="64a66c63-3c11-edf7-be7f-89ad9fef754e">
      <Execution id="b9ce448d-9d3f-423d-a756-136f817897aa" />
      <TestMethod codeBase="D:\igorbaran_devops_internship_practice\app\test\app.unittest\bin\Debug\net8.0\app.unittest.dll" adapterTypeName="executor://nunit3testexecutor/" className="app.unittest.Tests" name="TestAddition" />
    </UnitTest>
  </TestDefinitions>
  <TestEntries>
    <TestEntry testId="64a66c63-3c11-edf7-be7f-89ad9fef754e" executionId="b9ce448d-9d3f-423d-a756-136f817897aa" testListId="8c84fa94-04c1-424b-9868-57a2d4851a1d" />
  </TestEntries>
  <TestLists>
    <TestList name="Список результатов" id="8c84fa94-04c1-424b-9868-57a2d4851a1d" />
    <TestList name="Все загруженные результаты" id="19431567-8539-422a-85d7-44ee4e166bda" />
  </TestLists>
  <ResultSummary outcome="Completed">
    <Counters total="1" executed="1" passed="1" failed="0" error="0" timeout="0" aborted="0" inconclusive="0" passedButRunAborted="0" notRunnable="0" notExecuted="0" disconnected="0" warning="0" completed="0" inProgress="0" pending="0" />
    <Output>
      <StdOut>NUnit Adapter 4.2.0.0: Test execution started&#xD;
Running all tests in D:\igorbaran_devops_internship_practice\app\test\app.unittest\bin\Debug\net8.0\app.unittest.dll&#xD;
   NUnit3TestExecutor discovered 1 of 1 NUnit test cases using Current Discovery mode, Non-Explicit run&#xD;
NUnit Adapter 4.2.0.0: Test execution complete&#xD;
</StdOut>
    </Output>
  </ResultSummary>
</TestRun>